<?xml version="1.0" encoding="UTF-8" ?>
<testsuites errors="17"
            failures="1"
            tests="5">

  <testsuite name="test.org"
    errors="17" failures="1" hostname="" id="" package="org" skipped="5"
    tests="5" time="256.2" timestamp="">
  
    <testcase name="PA001 display registered merchants" classname="test.org" time="17.14" assertions="0">
    <error type="error"><![CDATA[
    Error
    at DescribeInstance.&lt;anonymous&gt; (D:\Automation\New PayAbhi\qenta-payabhi\test\org.js:16:13)
    ]]></error>
    
    </testcase>
  
    <testcase name="PA011 Add button functionality" classname="test.org" time="3.059" assertions="0">
    </testcase>
  
    <testcase name="PA016 all fields blank" classname="test.org" time="4.956" assertions="7">

    

    

    

    

    

    

    
    </testcase>
  
    <testcase name="PA017 blank merchant code" classname="test.org" time="14.08" assertions="1">

    
    <error message="An error occurred while running .setValue() command on &lt;input[name=&#34;Merchant_Name&#34;]&gt;: Timed out while waiting for element &#34;input[name=&#34;Merchant_Name&#34;]&#34; with &#34;css selector&#34; to be present for 5000 milliseconds." type="error"><![CDATA[
    Error
    at DescribeInstance.&lt;anonymous&gt; (D:\Automation\New PayAbhi\qenta-payabhi\test\org.js:73:14)
    ]]></error>
    
    </testcase>
  
    <testcase name="PA018 Merchant name blank" classname="test.org" time="88.84" assertions="1">  <failure message="Testing if element &lt;#content &gt; form &gt; div:nth-child(1) &gt; div:nth-child(2) &gt; div&gt; is visible in 5000ms - expected &#34;is visible&#34; but got: &#34;element could not be located&#34; (5381ms)">    at DescribeInstance.&lt;anonymous&gt; (D:\Automation\New PayAbhi\qenta-payabhi\test\org.js:110:17)</failure>

    
    <error message="Testing if element [33m&lt;#content &gt; form &gt; div:nth-child(1) &gt; div:nth-child(2) &gt; div&gt;[39m is visible in 5000ms - expected [32m&#34;is visible&#34;[39m but got: [31m&#34;element could not be located&#34;[39m [90m(5381ms)[39m" type="error"><![CDATA[
    Error
    at Proxy.&lt;anonymous&gt; (D:\Automation\New PayAbhi\qenta-payabhi\node_modules\nightwatch\dist\api\index.js:140:40)
    at DescribeInstance.&lt;anonymous&gt; (D:\Automation\New PayAbhi\qenta-payabhi\test\org.js:110:17)
    at Context.call (D:\Automation\New PayAbhi\qenta-payabhi\node_modules\nightwatch\dist\testsuite\context.js:413:39)
    at TestCase.run (D:\Automation\New PayAbhi\qenta-payabhi\node_modules\nightwatch\dist\testsuite\testcase.js:50:39)
    at Runnable.__runFn (D:\Automation\New PayAbhi\qenta-payabhi\node_modules\nightwatch\dist\testsuite\index.js:675:84)
    at Runnable.run (D:\Automation\New PayAbhi\qenta-payabhi\node_modules\nightwatch\dist\testsuite\runnable.js:103:27)
    at TestSuite.executeRunnable (D:\Automation\New PayAbhi\qenta-payabhi\node_modules\nightwatch\dist\testsuite\index.js:809:55)
    at TestSuite.handleRunnable (D:\Automation\New PayAbhi\qenta-payabhi\node_modules\nightwatch\dist\testsuite\index.js:822:39)
    at D:\Automation\New PayAbhi\qenta-payabhi\node_modules\nightwatch\dist\testsuite\index.js:675:25
    at process.processTicksAndRejections (node:internal/process/task_queues:95:5)
    ]]></error>
    
    </testcase>
  

  
    <system-err>
       TimeoutError
   An error occurred while running .click() command on &lt;#sidebar &gt; ul &gt; li:nth-child(1) &gt; ul &gt; li &gt; ul &gt; li:nth-child(1) &gt; a&gt;: element not interactable: element has zero size
  (Session info: chrome=119.0.6045.160)
    {&#34;error&#34;:{&#34;name&#34;:&#34;ElementNotInteractableError&#34;,&#34;remoteStacktrace&#34;:&#34;&#34;},&#34;status&#34;:-1,&#34;value&#34;:null}

    Error location:
    D:\Automation\New PayAbhi\qenta-payabhi\test\org.js:
    –––––––––––––––––––––––––––––––––––––––––––––––––––––
     14 |            browser
     15 |            .click(&#39;#sidebar &gt; ul &gt; li:nth-child(1) &gt; ul &gt; li &gt; a&#39;)
     16 |            .click(&#39;#sidebar &gt; ul &gt; li:nth-child(1) &gt; ul &gt; li &gt; ul &gt; li:nth-child(1) &gt; a&#39;) 
     17 |            browser.pause(3000)
     18 |            .url(&#39;http://65.21.249.196:5545/Organizations&#39;)
    –––––––––––––––––––––––––––––––––––––––––––––––––––––

 NoSuchElementError
   An element could not be located on the page using the given search parameters.

    Try fixing by :
    1. Please inspect the html before the step
    2. Verify if an element with the mentioned selector is present in the DOM tree

    Error location:
    D:\Automation\New PayAbhi\qenta-payabhi\test\org.js:
    –––––––––––––––––––––––––––––––––––––––––––––––––––––
     71 |             browser
     72 |            
     73 |             .setValue(&#39;input[name=&#34;Merchant_Name&#34;]&#39;,&#39;Muhammad Ali khan&#39;) 
     74 |             .setValue(&#39;input[name=&#34;Entity_Code&#34;]&#39;,&#39;MAK&#39;)
     75 |             .setValue(&#39;input[name=&#34;Address&#34;]&#39;,&#39;abc123&#39;)
    –––––––––––––––––––––––––––––––––––––––––––––––––––––

 NoSuchElementError
   An element could not be located on the page using the given search parameters.

    Try fixing by :
    1. Please inspect the html before the step
    2. Verify if an element with the mentioned selector is present in the DOM tree

    Error location:
    D:\Automation\New PayAbhi\qenta-payabhi\test\org.js:
    –––––––––––––––––––––––––––––––––––––––––––––––––––––
     93 |         test(&#39;PA018 Merchant name blank&#39;,function(browser){
     94 |             browser
     95 |             .setValue(&#39;input[name=&#34;Org_Code&#34;]&#39;,&#39;099&#39;) 
     96 |             .setValue(&#39;input[name=&#34;Entity_Code&#34;]&#39;,&#39;MAK&#39;)
     97 |             .setValue(&#39;input[name=&#34;Address&#34;]&#39;,&#39;abc123&#39;)
    –––––––––––––––––––––––––––––––––––––––––––––––––––––

 NoSuchElementError
   An element could not be located on the page using the given search parameters.

    Try fixing by :
    1. Please inspect the html before the step
    2. Verify if an element with the mentioned selector is present in the DOM tree

    Error location:
    D:\Automation\New PayAbhi\qenta-payabhi\test\org.js:
    –––––––––––––––––––––––––––––––––––––––––––––––––––––
     94 |             browser
     95 |             .setValue(&#39;input[name=&#34;Org_Code&#34;]&#39;,&#39;099&#39;)
     96 |             .setValue(&#39;input[name=&#34;Entity_Code&#34;]&#39;,&#39;MAK&#39;) 
     97 |             .setValue(&#39;input[name=&#34;Address&#34;]&#39;,&#39;abc123&#39;)
     98 |             .click(&#39;#content &gt; form &gt; div:nth-child(2) &gt; div:nth-child(1) &gt; div:nth-child(2) &gt; select&#39;)
    –––––––––––––––––––––––––––––––––––––––––––––––––––––

 NoSuchElementError
   An element could not be located on the page using the given search parameters.

    Try fixing by :
    1. Please inspect the html before the step
    2. Verify if an element with the mentioned selector is present in the DOM tree

    Error location:
    D:\Automation\New PayAbhi\qenta-payabhi\test\org.js:
    –––––––––––––––––––––––––––––––––––––––––––––––––––––
     95 |             .setValue(&#39;input[name=&#34;Org_Code&#34;]&#39;,&#39;099&#39;)
     96 |             .setValue(&#39;input[name=&#34;Entity_Code&#34;]&#39;,&#39;MAK&#39;)
     97 |             .setValue(&#39;input[name=&#34;Address&#34;]&#39;,&#39;abc123&#39;) 
     98 |             .click(&#39;#content &gt; form &gt; div:nth-child(2) &gt; div:nth-child(1) &gt; div:nth-child(2) &gt; select&#39;)
     99 |             .click(&#39;#content &gt; form &gt; div:nth-child(2) &gt; div:nth-child(1) &gt; div:nth-child(2) &gt; select &gt; option:nth-child(2)&#39;)
    –––––––––––––––––––––––––––––––––––––––––––––––––––––

 NoSuchElementError
   An element could not be located on the page using the given search parameters.

    Try fixing by :
    1. Please inspect the html before the step
    2. Verify if an element with the mentioned selector is present in the DOM tree

    Error location:
    D:\Automation\New PayAbhi\qenta-payabhi\test\org.js:
    –––––––––––––––––––––––––––––––––––––––––––––––––––––
     96 |             .setValue(&#39;input[name=&#34;Entity_Code&#34;]&#39;,&#39;MAK&#39;)
     97 |             .setValue(&#39;input[name=&#34;Address&#34;]&#39;,&#39;abc123&#39;)
     98 |             .click(&#39;#content &gt; form &gt; div:nth-child(2) &gt; div:nth-child(1) &gt; div:nth-child(2) &gt; select&#39;) 
     99 |             .click(&#39;#content &gt; form &gt; div:nth-child(2) &gt; div:nth-child(1) &gt; div:nth-child(2) &gt; select &gt; option:nth-child(2)&#39;)
     100 |             .setValue(&#39;input[name=&#34;City_Name&#34;]&#39;,&#39;Lahore&#39;)
    –––––––––––––––––––––––––––––––––––––––––––––––––––––

 NoSuchElementError
   An element could not be located on the page using the given search parameters.

    Try fixing by :
    1. Please inspect the html before the step
    2. Verify if an element with the mentioned selector is present in the DOM tree

    Error location:
    D:\Automation\New PayAbhi\qenta-payabhi\test\org.js:
    –––––––––––––––––––––––––––––––––––––––––––––––––––––
     97 |             .setValue(&#39;input[name=&#34;Address&#34;]&#39;,&#39;abc123&#39;)
     98 |             .click(&#39;#content &gt; form &gt; div:nth-child(2) &gt; div:nth-child(1) &gt; div:nth-child(2) &gt; select&#39;)
     99 |             .click(&#39;#content &gt; form &gt; div:nth-child(2) &gt; div:nth-child(1) &gt; div:nth-child(2) &gt; select &gt; option:nth-child(2)&#39;) 
     100 |             .setValue(&#39;input[name=&#34;City_Name&#34;]&#39;,&#39;Lahore&#39;)
     101 |             .setValue(&#39;input[name=&#34;Email&#34;]&#39;,&#39;abc@gmail.com&#39;)
    –––––––––––––––––––––––––––––––––––––––––––––––––––––

 NoSuchElementError
   An element could not be located on the page using the given search parameters.

    Try fixing by :
    1. Please inspect the html before the step
    2. Verify if an element with the mentioned selector is present in the DOM tree

    Error location:
    D:\Automation\New PayAbhi\qenta-payabhi\test\org.js:
    –––––––––––––––––––––––––––––––––––––––––––––––––––––
     98 |             .click(&#39;#content &gt; form &gt; div:nth-child(2) &gt; div:nth-child(1) &gt; div:nth-child(2) &gt; select&#39;)
     99 |             .click(&#39;#content &gt; form &gt; div:nth-child(2) &gt; div:nth-child(1) &gt; div:nth-child(2) &gt; select &gt; option:nth-child(2)&#39;)
     100 |             .setValue(&#39;input[name=&#34;City_Name&#34;]&#39;,&#39;Lahore&#39;) 
     101 |             .setValue(&#39;input[name=&#34;Email&#34;]&#39;,&#39;abc@gmail.com&#39;)
     102 |             .setValue(&#39;input[name=&#34;Post_Url&#34;]&#39;,&#39;Mob&#39;)
    –––––––––––––––––––––––––––––––––––––––––––––––––––––

 NoSuchElementError
   An element could not be located on the page using the given search parameters.

    Try fixing by :
    1. Please inspect the html before the step
    2. Verify if an element with the mentioned selector is present in the DOM tree

    Error location:
    D:\Automation\New PayAbhi\qenta-payabhi\test\org.js:
    –––––––––––––––––––––––––––––––––––––––––––––––––––––
     99 |             .click(&#39;#content &gt; form &gt; div:nth-child(2) &gt; div:nth-child(1) &gt; div:nth-child(2) &gt; select &gt; option:nth-child(2)&#39;)
     100 |             .setValue(&#39;input[name=&#34;City_Name&#34;]&#39;,&#39;Lahore&#39;)
     101 |             .setValue(&#39;input[name=&#34;Email&#34;]&#39;,&#39;abc@gmail.com&#39;) 
     102 |             .setValue(&#39;input[name=&#34;Post_Url&#34;]&#39;,&#39;Mob&#39;)
     103 |             .click(&#39;select[name=&#34;Settlement_Id&#34;]&#39;).click(&#39;#content &gt; form &gt; div:nth-child(3) &gt; div:nth-child(1) &gt; div:nth-child(2) &gt; select &gt; option:nth-child(4)&#39;)
    –––––––––––––––––––––––––––––––––––––––––––––––––––––

 NoSuchElementError
   An element could not be located on the page using the given search parameters.

    Try fixing by :
    1. Please inspect the html before the step
    2. Verify if an element with the mentioned selector is present in the DOM tree

    Error location:
    D:\Automation\New PayAbhi\qenta-payabhi\test\org.js:
    –––––––––––––––––––––––––––––––––––––––––––––––––––––
     100 |             .setValue(&#39;input[name=&#34;City_Name&#34;]&#39;,&#39;Lahore&#39;)
     101 |             .setValue(&#39;input[name=&#34;Email&#34;]&#39;,&#39;abc@gmail.com&#39;)
     102 |             .setValue(&#39;input[name=&#34;Post_Url&#34;]&#39;,&#39;Mob&#39;) 
     103 |             .click(&#39;select[name=&#34;Settlement_Id&#34;]&#39;).click(&#39;#content &gt; form &gt; div:nth-child(3) &gt; div:nth-child(1) &gt; div:nth-child(2) &gt; select &gt; option:nth-child(4)&#39;)
     104 |             .click(&#39;select[name=&#34;surcharge&#34;]&#39;).click(&#39;#content &gt; form &gt; div:nth-child(3) &gt; div:nth-child(2) &gt; select &gt; option:nth-child(3)&#39;)
    –––––––––––––––––––––––––––––––––––––––––––––––––––––

 NoSuchElementError
   An element could not be located on the page using the given search parameters.

    Try fixing by :
    1. Please inspect the html before the step
    2. Verify if an element with the mentioned selector is present in the DOM tree

    Error location:
    D:\Automation\New PayAbhi\qenta-payabhi\test\org.js:
    –––––––––––––––––––––––––––––––––––––––––––––––––––––
     101 |             .setValue(&#39;input[name=&#34;Email&#34;]&#39;,&#39;abc@gmail.com&#39;)
     102 |             .setValue(&#39;input[name=&#34;Post_Url&#34;]&#39;,&#39;Mob&#39;)
     103 |             .click(&#39;select[name=&#34;Settlement_Id&#34;]&#39;).click(&#39;#content &gt; form &gt; div:nth-child(3) &gt; div:nth-child(1) &gt; div:nth-child(2) &gt; select &gt; option:nth-child(4)&#39;) 
     104 |             .click(&#39;select[name=&#34;surcharge&#34;]&#39;).click(&#39;#content &gt; form &gt; div:nth-child(3) &gt; div:nth-child(2) &gt; select &gt; option:nth-child(3)&#39;)
     105 |             .click(&#39;input[name=&#34;Partner&#34;]&#39;)
    –––––––––––––––––––––––––––––––––––––––––––––––––––––

 NoSuchElementError
   An element could not be located on the page using the given search parameters.

    Try fixing by :
    1. Please inspect the html before the step
    2. Verify if an element with the mentioned selector is present in the DOM tree

    Error location:
    D:\Automation\New PayAbhi\qenta-payabhi\test\org.js:
    –––––––––––––––––––––––––––––––––––––––––––––––––––––
     101 |             .setValue(&#39;input[name=&#34;Email&#34;]&#39;,&#39;abc@gmail.com&#39;)
     102 |             .setValue(&#39;input[name=&#34;Post_Url&#34;]&#39;,&#39;Mob&#39;)
     103 |             .click(&#39;select[name=&#34;Settlement_Id&#34;]&#39;).click(&#39;#content &gt; form &gt; div:nth-child(3) &gt; div:nth-child(1) &gt; div:nth-child(2) &gt; select &gt; option:nth-child(4)&#39;) 
     104 |             .click(&#39;select[name=&#34;surcharge&#34;]&#39;).click(&#39;#content &gt; form &gt; div:nth-child(3) &gt; div:nth-child(2) &gt; select &gt; option:nth-child(3)&#39;)
     105 |             .click(&#39;input[name=&#34;Partner&#34;]&#39;)
    –––––––––––––––––––––––––––––––––––––––––––––––––––––

 NoSuchElementError
   An element could not be located on the page using the given search parameters.

    Try fixing by :
    1. Please inspect the html before the step
    2. Verify if an element with the mentioned selector is present in the DOM tree

    Error location:
    D:\Automation\New PayAbhi\qenta-payabhi\test\org.js:
    –––––––––––––––––––––––––––––––––––––––––––––––––––––
     102 |             .setValue(&#39;input[name=&#34;Post_Url&#34;]&#39;,&#39;Mob&#39;)
     103 |             .click(&#39;select[name=&#34;Settlement_Id&#34;]&#39;).click(&#39;#content &gt; form &gt; div:nth-child(3) &gt; div:nth-child(1) &gt; div:nth-child(2) &gt; select &gt; option:nth-child(4)&#39;)
     104 |             .click(&#39;select[name=&#34;surcharge&#34;]&#39;).click(&#39;#content &gt; form &gt; div:nth-child(3) &gt; div:nth-child(2) &gt; select &gt; option:nth-child(3)&#39;) 
     105 |             .click(&#39;input[name=&#34;Partner&#34;]&#39;)
     106 |             .setValue(&#39;input[name=&#34;Commission&#34;]&#39;,&#39;2&#39;)
    –––––––––––––––––––––––––––––––––––––––––––––––––––––

 NoSuchElementError
   An element could not be located on the page using the given search parameters.

    Try fixing by :
    1. Please inspect the html before the step
    2. Verify if an element with the mentioned selector is present in the DOM tree

    Error location:
    D:\Automation\New PayAbhi\qenta-payabhi\test\org.js:
    –––––––––––––––––––––––––––––––––––––––––––––––––––––
     102 |             .setValue(&#39;input[name=&#34;Post_Url&#34;]&#39;,&#39;Mob&#39;)
     103 |             .click(&#39;select[name=&#34;Settlement_Id&#34;]&#39;).click(&#39;#content &gt; form &gt; div:nth-child(3) &gt; div:nth-child(1) &gt; div:nth-child(2) &gt; select &gt; option:nth-child(4)&#39;)
     104 |             .click(&#39;select[name=&#34;surcharge&#34;]&#39;).click(&#39;#content &gt; form &gt; div:nth-child(3) &gt; div:nth-child(2) &gt; select &gt; option:nth-child(3)&#39;) 
     105 |             .click(&#39;input[name=&#34;Partner&#34;]&#39;)
     106 |             .setValue(&#39;input[name=&#34;Commission&#34;]&#39;,&#39;2&#39;)
    –––––––––––––––––––––––––––––––––––––––––––––––––––––

 NoSuchElementError
   An element could not be located on the page using the given search parameters.

    Try fixing by :
    1. Please inspect the html before the step
    2. Verify if an element with the mentioned selector is present in the DOM tree

    Error location:
    D:\Automation\New PayAbhi\qenta-payabhi\test\org.js:
    –––––––––––––––––––––––––––––––––––––––––––––––––––––
     103 |             .click(&#39;select[name=&#34;Settlement_Id&#34;]&#39;).click(&#39;#content &gt; form &gt; div:nth-child(3) &gt; div:nth-child(1) &gt; div:nth-child(2) &gt; select &gt; option:nth-child(4)&#39;)
     104 |             .click(&#39;select[name=&#34;surcharge&#34;]&#39;).click(&#39;#content &gt; form &gt; div:nth-child(3) &gt; div:nth-child(2) &gt; select &gt; option:nth-child(3)&#39;)
     105 |             .click(&#39;input[name=&#34;Partner&#34;]&#39;) 
     106 |             .setValue(&#39;input[name=&#34;Commission&#34;]&#39;,&#39;2&#39;)
     107 |             .click(&#39;#saveButton&#39;)
    –––––––––––––––––––––––––––––––––––––––––––––––––––––

 NoSuchElementError
   An element could not be located on the page using the given search parameters.

    Try fixing by :
    1. Please inspect the html before the step
    2. Verify if an element with the mentioned selector is present in the DOM tree

    Error location:
    D:\Automation\New PayAbhi\qenta-payabhi\test\org.js:
    –––––––––––––––––––––––––––––––––––––––––––––––––––––
     104 |             .click(&#39;select[name=&#34;surcharge&#34;]&#39;).click(&#39;#content &gt; form &gt; div:nth-child(3) &gt; div:nth-child(2) &gt; select &gt; option:nth-child(3)&#39;)
     105 |             .click(&#39;input[name=&#34;Partner&#34;]&#39;)
     106 |             .setValue(&#39;input[name=&#34;Commission&#34;]&#39;,&#39;2&#39;) 
     107 |             .click(&#39;#saveButton&#39;)
     108 |             .pause(3000)
    –––––––––––––––––––––––––––––––––––––––––––––––––––––

 NoSuchElementError
   An element could not be located on the page using the given search parameters.

    Try fixing by :
    1. Please inspect the html before the step
    2. Verify if an element with the mentioned selector is present in the DOM tree

    Error location:
    D:\Automation\New PayAbhi\qenta-payabhi\test\org.js:
    –––––––––––––––––––––––––––––––––––––––––––––––––––––
     105 |             .click(&#39;input[name=&#34;Partner&#34;]&#39;)
     106 |             .setValue(&#39;input[name=&#34;Commission&#34;]&#39;,&#39;2&#39;)
     107 |             .click(&#39;#saveButton&#39;) 
     108 |             .pause(3000)
     109 |              //merchant name
    –––––––––––––––––––––––––––––––––––––––––––––––––––––

 TimeoutError
   An error occurred while running .click() command on &lt;#sidebar &gt; ul &gt; li:nth-child(2) &gt; ul &gt; li:nth-child(2) &gt; a&gt;: element not interactable: element has zero size
  (Session info: chrome=119.0.6045.160)
    {&#34;error&#34;:{&#34;name&#34;:&#34;ElementNotInteractableError&#34;,&#34;remoteStacktrace&#34;:&#34;&#34;},&#34;status&#34;:-1,&#34;value&#34;:null}

    Error location:
    D:\Automation\New PayAbhi\qenta-payabhi\test\users.js:
    –––––––––––––––––––––––––––––––––––––––––––––––––––––––
     14 |         browser.element.findByText(&#39;Management&#39;).click();
     15 |        browser
     16 |        .click(&#39;#sidebar &gt; ul &gt; li:nth-child(2) &gt; ul &gt; li:nth-child(2) &gt; a&#39;) 
     17 |        browser.pause(3000)
     18 |        .url(&#39;http://65.21.249.196:5545/Users&#39;)
    –––––––––––––––––––––––––––––––––––––––––––––––––––––––

    </system-err>
  

    

  
    
    <testcase
      name="PA019 Merchant short code blank" classname="test.org">
      <skipped />
    </testcase>
    
    <testcase
      name="PA020 Merchant address blank" classname="test.org">
      <skipped />
    </testcase>
    
    <testcase
      name="PA021 Merchant city blank" classname="test.org">
      <skipped />
    </testcase>
    
    <testcase
      name="PA022 Email blank" classname="test.org">
      <skipped />
    </testcase>
    
    <testcase
      name="PA023 Post url blank" classname="test.org">
      <skipped />
    </testcase>
    
  
  </testsuite>
</testsuites>
