<?xml version="1.0" encoding="UTF-8" ?>
<testsuites errors="1"
            failures="3"
            tests="12">

  <testsuite name="test.users"
    errors="1" failures="3" hostname="" id="" package="users" skipped="3"
    tests="12" time="273.9" timestamp="">
  
    <testcase name="PA001 users records" classname="test.users" time="30.50" assertions="0">
    <error type="error"><![CDATA[
    Error
    at DescribeInstance.&lt;anonymous&gt; (D:\Automation\New PayAbhi\qenta-payabhi\test\users.js:16:9)
    ]]></error>
    
    </testcase>
  
    <testcase name="PA005 Blank user name" classname="test.users" time="10.93" assertions="1">

    
    </testcase>
  
    <testcase name="PA006 Unselected Organization" classname="test.users" time="8.110" assertions="1">

    
    </testcase>
  
    <testcase name="PA007 Password blank" classname="test.users" time="9.355" assertions="1">

    
    </testcase>
  
    <testcase name="PA008 Confirm Password blank" classname="test.users" time="8.427" assertions="1">

    
    </testcase>
  
    <testcase name="PA009 Blank Mobil no" classname="test.users" time="13.59" assertions="1">  <failure message="Testing if element &lt;#content &gt; div &gt; form &gt; div:nth-child(5) &gt; div.col-sm-8.col-lg-8 &gt; div &gt; div.invalid-feedback.error-msg&gt; is visible in 5000ms - expected &#34;is visible&#34; but got: &#34;not visible&#34; (5223ms)">    at DescribeInstance.&lt;anonymous&gt; (D:\Automation\New PayAbhi\qenta-payabhi\test\users.js:159:13)</failure>

    
    </testcase>
  
    <testcase name="PA010 Blank Email" classname="test.users" time="8.519" assertions="1">

    
    </testcase>
  
    <testcase name="PA011 blank first name" classname="test.users" time="8.003" assertions="1">

    
    </testcase>
  
    <testcase name="PA012 unselected role" classname="test.users" time="7.892" assertions="1">

    
    </testcase>
  
    <testcase name="PA013 last name blank" classname="test.users" time="8.489" assertions="1">

    
    </testcase>
  
    <testcase name="PA034 All fields blak" classname="test.users" time="9.057" assertions="9">

    

    

    

      <failure message="Testing if element &lt;#content &gt; div &gt; form &gt; div:nth-child(5) &gt; div.col-sm-8.col-lg-8 &gt; div &gt; div.invalid-feedback.error-msg&gt; is visible in 5000ms - expected &#34;is visible&#34; but got: &#34;not visible&#34; (5186ms)">    at DescribeInstance.&lt;anonymous&gt; (D:\Automation\New PayAbhi\qenta-payabhi\test\users.js:271:13)</failure>

    

    

    

    

    
    </testcase>
  
    <testcase name="PA035 existing user data" classname="test.users" time="14.05" assertions="1">  <failure message="Testing if element &lt;#swal2-html-container&gt; is visible in 5000ms - expected &#34;is visible&#34; but got: &#34;element could not be located&#34; (5394ms)">    at DescribeInstance.&lt;anonymous&gt; (D:\Automation\New PayAbhi\qenta-payabhi\test\users.js:302:13)</failure>

    
    </testcase>
  

  
    <system-err>
       TimeoutError
   An error occurred while running .click() command on &lt;#sidebar &gt; ul &gt; li:nth-child(1) &gt; ul &gt; li &gt; ul &gt; li:nth-child(1) &gt; a&gt;: element not interactable: element has zero size
  (Session info: chrome=119.0.6045.160)
    {&#34;error&#34;:{&#34;name&#34;:&#34;ElementNotInteractableError&#34;,&#34;remoteStacktrace&#34;:&#34;&#34;},&#34;status&#34;:-1,&#34;value&#34;:null}

    Error location:
    D:\Automation\New PayAbhi\qenta-payabhi\test\org.js:
    –––––––––––––––––––––––––––––––––––––––––––––––––––––
     14 |            browser
     15 |            .click(&#39;#sidebar &gt; ul &gt; li:nth-child(1) &gt; ul &gt; li &gt; a&#39;)
     16 |            .click(&#39;#sidebar &gt; ul &gt; li:nth-child(1) &gt; ul &gt; li &gt; ul &gt; li:nth-child(1) &gt; a&#39;) 
     17 |            browser.pause(3000)
     18 |            .url(&#39;http://65.21.249.196:5545/Organizations&#39;)
    –––––––––––––––––––––––––––––––––––––––––––––––––––––

 NoSuchElementError
   An element could not be located on the page using the given search parameters.

    Try fixing by :
    1. Please inspect the html before the step
    2. Verify if an element with the mentioned selector is present in the DOM tree

    Error location:
    D:\Automation\New PayAbhi\qenta-payabhi\test\org.js:
    –––––––––––––––––––––––––––––––––––––––––––––––––––––
     71 |             browser
     72 |            
     73 |             .setValue(&#39;input[name=&#34;Merchant_Name&#34;]&#39;,&#39;Muhammad Ali khan&#39;) 
     74 |             .setValue(&#39;input[name=&#34;Entity_Code&#34;]&#39;,&#39;MAK&#39;)
     75 |             .setValue(&#39;input[name=&#34;Address&#34;]&#39;,&#39;abc123&#39;)
    –––––––––––––––––––––––––––––––––––––––––––––––––––––

 NoSuchElementError
   An element could not be located on the page using the given search parameters.

    Try fixing by :
    1. Please inspect the html before the step
    2. Verify if an element with the mentioned selector is present in the DOM tree

    Error location:
    D:\Automation\New PayAbhi\qenta-payabhi\test\org.js:
    –––––––––––––––––––––––––––––––––––––––––––––––––––––
     93 |         test(&#39;PA018 Merchant name blank&#39;,function(browser){
     94 |             browser
     95 |             .setValue(&#39;input[name=&#34;Org_Code&#34;]&#39;,&#39;099&#39;) 
     96 |             .setValue(&#39;input[name=&#34;Entity_Code&#34;]&#39;,&#39;MAK&#39;)
     97 |             .setValue(&#39;input[name=&#34;Address&#34;]&#39;,&#39;abc123&#39;)
    –––––––––––––––––––––––––––––––––––––––––––––––––––––

 NoSuchElementError
   An element could not be located on the page using the given search parameters.

    Try fixing by :
    1. Please inspect the html before the step
    2. Verify if an element with the mentioned selector is present in the DOM tree

    Error location:
    D:\Automation\New PayAbhi\qenta-payabhi\test\org.js:
    –––––––––––––––––––––––––––––––––––––––––––––––––––––
     94 |             browser
     95 |             .setValue(&#39;input[name=&#34;Org_Code&#34;]&#39;,&#39;099&#39;)
     96 |             .setValue(&#39;input[name=&#34;Entity_Code&#34;]&#39;,&#39;MAK&#39;) 
     97 |             .setValue(&#39;input[name=&#34;Address&#34;]&#39;,&#39;abc123&#39;)
     98 |             .click(&#39;#content &gt; form &gt; div:nth-child(2) &gt; div:nth-child(1) &gt; div:nth-child(2) &gt; select&#39;)
    –––––––––––––––––––––––––––––––––––––––––––––––––––––

 NoSuchElementError
   An element could not be located on the page using the given search parameters.

    Try fixing by :
    1. Please inspect the html before the step
    2. Verify if an element with the mentioned selector is present in the DOM tree

    Error location:
    D:\Automation\New PayAbhi\qenta-payabhi\test\org.js:
    –––––––––––––––––––––––––––––––––––––––––––––––––––––
     95 |             .setValue(&#39;input[name=&#34;Org_Code&#34;]&#39;,&#39;099&#39;)
     96 |             .setValue(&#39;input[name=&#34;Entity_Code&#34;]&#39;,&#39;MAK&#39;)
     97 |             .setValue(&#39;input[name=&#34;Address&#34;]&#39;,&#39;abc123&#39;) 
     98 |             .click(&#39;#content &gt; form &gt; div:nth-child(2) &gt; div:nth-child(1) &gt; div:nth-child(2) &gt; select&#39;)
     99 |             .click(&#39;#content &gt; form &gt; div:nth-child(2) &gt; div:nth-child(1) &gt; div:nth-child(2) &gt; select &gt; option:nth-child(2)&#39;)
    –––––––––––––––––––––––––––––––––––––––––––––––––––––

 NoSuchElementError
   An element could not be located on the page using the given search parameters.

    Try fixing by :
    1. Please inspect the html before the step
    2. Verify if an element with the mentioned selector is present in the DOM tree

    Error location:
    D:\Automation\New PayAbhi\qenta-payabhi\test\org.js:
    –––––––––––––––––––––––––––––––––––––––––––––––––––––
     96 |             .setValue(&#39;input[name=&#34;Entity_Code&#34;]&#39;,&#39;MAK&#39;)
     97 |             .setValue(&#39;input[name=&#34;Address&#34;]&#39;,&#39;abc123&#39;)
     98 |             .click(&#39;#content &gt; form &gt; div:nth-child(2) &gt; div:nth-child(1) &gt; div:nth-child(2) &gt; select&#39;) 
     99 |             .click(&#39;#content &gt; form &gt; div:nth-child(2) &gt; div:nth-child(1) &gt; div:nth-child(2) &gt; select &gt; option:nth-child(2)&#39;)
     100 |             .setValue(&#39;input[name=&#34;City_Name&#34;]&#39;,&#39;Lahore&#39;)
    –––––––––––––––––––––––––––––––––––––––––––––––––––––

 NoSuchElementError
   An element could not be located on the page using the given search parameters.

    Try fixing by :
    1. Please inspect the html before the step
    2. Verify if an element with the mentioned selector is present in the DOM tree

    Error location:
    D:\Automation\New PayAbhi\qenta-payabhi\test\org.js:
    –––––––––––––––––––––––––––––––––––––––––––––––––––––
     97 |             .setValue(&#39;input[name=&#34;Address&#34;]&#39;,&#39;abc123&#39;)
     98 |             .click(&#39;#content &gt; form &gt; div:nth-child(2) &gt; div:nth-child(1) &gt; div:nth-child(2) &gt; select&#39;)
     99 |             .click(&#39;#content &gt; form &gt; div:nth-child(2) &gt; div:nth-child(1) &gt; div:nth-child(2) &gt; select &gt; option:nth-child(2)&#39;) 
     100 |             .setValue(&#39;input[name=&#34;City_Name&#34;]&#39;,&#39;Lahore&#39;)
     101 |             .setValue(&#39;input[name=&#34;Email&#34;]&#39;,&#39;abc@gmail.com&#39;)
    –––––––––––––––––––––––––––––––––––––––––––––––––––––

 NoSuchElementError
   An element could not be located on the page using the given search parameters.

    Try fixing by :
    1. Please inspect the html before the step
    2. Verify if an element with the mentioned selector is present in the DOM tree

    Error location:
    D:\Automation\New PayAbhi\qenta-payabhi\test\org.js:
    –––––––––––––––––––––––––––––––––––––––––––––––––––––
     98 |             .click(&#39;#content &gt; form &gt; div:nth-child(2) &gt; div:nth-child(1) &gt; div:nth-child(2) &gt; select&#39;)
     99 |             .click(&#39;#content &gt; form &gt; div:nth-child(2) &gt; div:nth-child(1) &gt; div:nth-child(2) &gt; select &gt; option:nth-child(2)&#39;)
     100 |             .setValue(&#39;input[name=&#34;City_Name&#34;]&#39;,&#39;Lahore&#39;) 
     101 |             .setValue(&#39;input[name=&#34;Email&#34;]&#39;,&#39;abc@gmail.com&#39;)
     102 |             .setValue(&#39;input[name=&#34;Post_Url&#34;]&#39;,&#39;Mob&#39;)
    –––––––––––––––––––––––––––––––––––––––––––––––––––––

 NoSuchElementError
   An element could not be located on the page using the given search parameters.

    Try fixing by :
    1. Please inspect the html before the step
    2. Verify if an element with the mentioned selector is present in the DOM tree

    Error location:
    D:\Automation\New PayAbhi\qenta-payabhi\test\org.js:
    –––––––––––––––––––––––––––––––––––––––––––––––––––––
     99 |             .click(&#39;#content &gt; form &gt; div:nth-child(2) &gt; div:nth-child(1) &gt; div:nth-child(2) &gt; select &gt; option:nth-child(2)&#39;)
     100 |             .setValue(&#39;input[name=&#34;City_Name&#34;]&#39;,&#39;Lahore&#39;)
     101 |             .setValue(&#39;input[name=&#34;Email&#34;]&#39;,&#39;abc@gmail.com&#39;) 
     102 |             .setValue(&#39;input[name=&#34;Post_Url&#34;]&#39;,&#39;Mob&#39;)
     103 |             .click(&#39;select[name=&#34;Settlement_Id&#34;]&#39;).click(&#39;#content &gt; form &gt; div:nth-child(3) &gt; div:nth-child(1) &gt; div:nth-child(2) &gt; select &gt; option:nth-child(4)&#39;)
    –––––––––––––––––––––––––––––––––––––––––––––––––––––

 NoSuchElementError
   An element could not be located on the page using the given search parameters.

    Try fixing by :
    1. Please inspect the html before the step
    2. Verify if an element with the mentioned selector is present in the DOM tree

    Error location:
    D:\Automation\New PayAbhi\qenta-payabhi\test\org.js:
    –––––––––––––––––––––––––––––––––––––––––––––––––––––
     100 |             .setValue(&#39;input[name=&#34;City_Name&#34;]&#39;,&#39;Lahore&#39;)
     101 |             .setValue(&#39;input[name=&#34;Email&#34;]&#39;,&#39;abc@gmail.com&#39;)
     102 |             .setValue(&#39;input[name=&#34;Post_Url&#34;]&#39;,&#39;Mob&#39;) 
     103 |             .click(&#39;select[name=&#34;Settlement_Id&#34;]&#39;).click(&#39;#content &gt; form &gt; div:nth-child(3) &gt; div:nth-child(1) &gt; div:nth-child(2) &gt; select &gt; option:nth-child(4)&#39;)
     104 |             .click(&#39;select[name=&#34;surcharge&#34;]&#39;).click(&#39;#content &gt; form &gt; div:nth-child(3) &gt; div:nth-child(2) &gt; select &gt; option:nth-child(3)&#39;)
    –––––––––––––––––––––––––––––––––––––––––––––––––––––

 NoSuchElementError
   An element could not be located on the page using the given search parameters.

    Try fixing by :
    1. Please inspect the html before the step
    2. Verify if an element with the mentioned selector is present in the DOM tree

    Error location:
    D:\Automation\New PayAbhi\qenta-payabhi\test\org.js:
    –––––––––––––––––––––––––––––––––––––––––––––––––––––
     101 |             .setValue(&#39;input[name=&#34;Email&#34;]&#39;,&#39;abc@gmail.com&#39;)
     102 |             .setValue(&#39;input[name=&#34;Post_Url&#34;]&#39;,&#39;Mob&#39;)
     103 |             .click(&#39;select[name=&#34;Settlement_Id&#34;]&#39;).click(&#39;#content &gt; form &gt; div:nth-child(3) &gt; div:nth-child(1) &gt; div:nth-child(2) &gt; select &gt; option:nth-child(4)&#39;) 
     104 |             .click(&#39;select[name=&#34;surcharge&#34;]&#39;).click(&#39;#content &gt; form &gt; div:nth-child(3) &gt; div:nth-child(2) &gt; select &gt; option:nth-child(3)&#39;)
     105 |             .click(&#39;input[name=&#34;Partner&#34;]&#39;)
    –––––––––––––––––––––––––––––––––––––––––––––––––––––

 NoSuchElementError
   An element could not be located on the page using the given search parameters.

    Try fixing by :
    1. Please inspect the html before the step
    2. Verify if an element with the mentioned selector is present in the DOM tree

    Error location:
    D:\Automation\New PayAbhi\qenta-payabhi\test\org.js:
    –––––––––––––––––––––––––––––––––––––––––––––––––––––
     101 |             .setValue(&#39;input[name=&#34;Email&#34;]&#39;,&#39;abc@gmail.com&#39;)
     102 |             .setValue(&#39;input[name=&#34;Post_Url&#34;]&#39;,&#39;Mob&#39;)
     103 |             .click(&#39;select[name=&#34;Settlement_Id&#34;]&#39;).click(&#39;#content &gt; form &gt; div:nth-child(3) &gt; div:nth-child(1) &gt; div:nth-child(2) &gt; select &gt; option:nth-child(4)&#39;) 
     104 |             .click(&#39;select[name=&#34;surcharge&#34;]&#39;).click(&#39;#content &gt; form &gt; div:nth-child(3) &gt; div:nth-child(2) &gt; select &gt; option:nth-child(3)&#39;)
     105 |             .click(&#39;input[name=&#34;Partner&#34;]&#39;)
    –––––––––––––––––––––––––––––––––––––––––––––––––––––

 NoSuchElementError
   An element could not be located on the page using the given search parameters.

    Try fixing by :
    1. Please inspect the html before the step
    2. Verify if an element with the mentioned selector is present in the DOM tree

    Error location:
    D:\Automation\New PayAbhi\qenta-payabhi\test\org.js:
    –––––––––––––––––––––––––––––––––––––––––––––––––––––
     102 |             .setValue(&#39;input[name=&#34;Post_Url&#34;]&#39;,&#39;Mob&#39;)
     103 |             .click(&#39;select[name=&#34;Settlement_Id&#34;]&#39;).click(&#39;#content &gt; form &gt; div:nth-child(3) &gt; div:nth-child(1) &gt; div:nth-child(2) &gt; select &gt; option:nth-child(4)&#39;)
     104 |             .click(&#39;select[name=&#34;surcharge&#34;]&#39;).click(&#39;#content &gt; form &gt; div:nth-child(3) &gt; div:nth-child(2) &gt; select &gt; option:nth-child(3)&#39;) 
     105 |             .click(&#39;input[name=&#34;Partner&#34;]&#39;)
     106 |             .setValue(&#39;input[name=&#34;Commission&#34;]&#39;,&#39;2&#39;)
    –––––––––––––––––––––––––––––––––––––––––––––––––––––

 NoSuchElementError
   An element could not be located on the page using the given search parameters.

    Try fixing by :
    1. Please inspect the html before the step
    2. Verify if an element with the mentioned selector is present in the DOM tree

    Error location:
    D:\Automation\New PayAbhi\qenta-payabhi\test\org.js:
    –––––––––––––––––––––––––––––––––––––––––––––––––––––
     102 |             .setValue(&#39;input[name=&#34;Post_Url&#34;]&#39;,&#39;Mob&#39;)
     103 |             .click(&#39;select[name=&#34;Settlement_Id&#34;]&#39;).click(&#39;#content &gt; form &gt; div:nth-child(3) &gt; div:nth-child(1) &gt; div:nth-child(2) &gt; select &gt; option:nth-child(4)&#39;)
     104 |             .click(&#39;select[name=&#34;surcharge&#34;]&#39;).click(&#39;#content &gt; form &gt; div:nth-child(3) &gt; div:nth-child(2) &gt; select &gt; option:nth-child(3)&#39;) 
     105 |             .click(&#39;input[name=&#34;Partner&#34;]&#39;)
     106 |             .setValue(&#39;input[name=&#34;Commission&#34;]&#39;,&#39;2&#39;)
    –––––––––––––––––––––––––––––––––––––––––––––––––––––

 NoSuchElementError
   An element could not be located on the page using the given search parameters.

    Try fixing by :
    1. Please inspect the html before the step
    2. Verify if an element with the mentioned selector is present in the DOM tree

    Error location:
    D:\Automation\New PayAbhi\qenta-payabhi\test\org.js:
    –––––––––––––––––––––––––––––––––––––––––––––––––––––
     103 |             .click(&#39;select[name=&#34;Settlement_Id&#34;]&#39;).click(&#39;#content &gt; form &gt; div:nth-child(3) &gt; div:nth-child(1) &gt; div:nth-child(2) &gt; select &gt; option:nth-child(4)&#39;)
     104 |             .click(&#39;select[name=&#34;surcharge&#34;]&#39;).click(&#39;#content &gt; form &gt; div:nth-child(3) &gt; div:nth-child(2) &gt; select &gt; option:nth-child(3)&#39;)
     105 |             .click(&#39;input[name=&#34;Partner&#34;]&#39;) 
     106 |             .setValue(&#39;input[name=&#34;Commission&#34;]&#39;,&#39;2&#39;)
     107 |             .click(&#39;#saveButton&#39;)
    –––––––––––––––––––––––––––––––––––––––––––––––––––––

 NoSuchElementError
   An element could not be located on the page using the given search parameters.

    Try fixing by :
    1. Please inspect the html before the step
    2. Verify if an element with the mentioned selector is present in the DOM tree

    Error location:
    D:\Automation\New PayAbhi\qenta-payabhi\test\org.js:
    –––––––––––––––––––––––––––––––––––––––––––––––––––––
     104 |             .click(&#39;select[name=&#34;surcharge&#34;]&#39;).click(&#39;#content &gt; form &gt; div:nth-child(3) &gt; div:nth-child(2) &gt; select &gt; option:nth-child(3)&#39;)
     105 |             .click(&#39;input[name=&#34;Partner&#34;]&#39;)
     106 |             .setValue(&#39;input[name=&#34;Commission&#34;]&#39;,&#39;2&#39;) 
     107 |             .click(&#39;#saveButton&#39;)
     108 |             .pause(3000)
    –––––––––––––––––––––––––––––––––––––––––––––––––––––

 NoSuchElementError
   An element could not be located on the page using the given search parameters.

    Try fixing by :
    1. Please inspect the html before the step
    2. Verify if an element with the mentioned selector is present in the DOM tree

    Error location:
    D:\Automation\New PayAbhi\qenta-payabhi\test\org.js:
    –––––––––––––––––––––––––––––––––––––––––––––––––––––
     105 |             .click(&#39;input[name=&#34;Partner&#34;]&#39;)
     106 |             .setValue(&#39;input[name=&#34;Commission&#34;]&#39;,&#39;2&#39;)
     107 |             .click(&#39;#saveButton&#39;) 
     108 |             .pause(3000)
     109 |              //merchant name
    –––––––––––––––––––––––––––––––––––––––––––––––––––––

 TimeoutError
   An error occurred while running .click() command on &lt;#sidebar &gt; ul &gt; li:nth-child(2) &gt; ul &gt; li:nth-child(2) &gt; a&gt;: element not interactable: element has zero size
  (Session info: chrome=119.0.6045.160)
    {&#34;error&#34;:{&#34;name&#34;:&#34;ElementNotInteractableError&#34;,&#34;remoteStacktrace&#34;:&#34;&#34;},&#34;status&#34;:-1,&#34;value&#34;:null}

    Error location:
    D:\Automation\New PayAbhi\qenta-payabhi\test\users.js:
    –––––––––––––––––––––––––––––––––––––––––––––––––––––––
     14 |         browser.element.findByText(&#39;Management&#39;).click();
     15 |        browser
     16 |        .click(&#39;#sidebar &gt; ul &gt; li:nth-child(2) &gt; ul &gt; li:nth-child(2) &gt; a&#39;) 
     17 |        browser.pause(3000)
     18 |        .url(&#39;http://65.21.249.196:5545/Users&#39;)
    –––––––––––––––––––––––––––––––––––––––––––––––––––––––

    </system-err>
  

    

  
    
    <testcase
      name="PA036 Different password" classname="test.users">
      <skipped />
    </testcase>
    
    <testcase
      name="PA022 Reset button" classname="test.users">
      <skipped />
    </testcase>
    
    <testcase
      name="PA023 Back button" classname="test.users">
      <skipped />
    </testcase>
    
  
  </testsuite>
</testsuites>
